<?xml version="1.0" encoding="UTF-8" standalone="no"?><testsuite errors="0" failures="0" hostname="DESKTOP-1U6K654" name="default.buildGoalTest" tests="3" time="0.421000"><properties><property name="java.vendor" value="Oracle Corporation"/><property name="org.eclipse.debug.ui.breakpoints.toggleFactoriesUsed" value="false"/><property name="osgi.bundles.defaultStartLevel" value="4"/><property name="org.osgi.supports.framework.extension" value="true"/><property name="sun.management.compiler" value="HotSpot 64-Bit Tiered Compilers"/><property name="eclipse.p2.profile" value="epp.package.modeling"/><property name="os.name" value="Windows 10"/><property name="sun.boot.class.path" value="C:\Program Files\Java\jre1.8.0_111\lib\resources.jar;C:\Program Files\Java\jre1.8.0_111\lib\rt.jar;C:\Program Files\Java\jre1.8.0_111\lib\sunrsasign.jar;C:\Program Files\Java\jre1.8.0_111\lib\jsse.jar;C:\Program Files\Java\jre1.8.0_111\lib\jce.jar;C:\Program Files\Java\jre1.8.0_111\lib\charsets.jar;C:\Program Files\Java\jre1.8.0_111\lib\jfr.jar;C:\Program Files\Java\jre1.8.0_111\classes"/><property name="osgi.ws" value="win32"/><property name="sun.desktop" value="windows"/><property name="java.vm.specification.vendor" value="Oracle Corporation"/><property name="ant.home" value="C:\Users\will.wei\Desktop\Epsilon\plugins\org.apache.ant_1.9.6.v201510161327"/><property name="java.runtime.version" value="1.8.0_111-b14"/><property name="osgi.instance.area" value="file:/C:/Users/will.wei/Desktop/Epsilon/workspace/"/><property name="org.osgi.framework.uuid" value="e08f48fd-1f1e-0017-1ba7-80a695871206"/><property name="user.name" value="will.wei"/><property name="osgi.framework.extensions" value="reference:file:org.eclipse.osgi.compatibility.state_1.0.200.v20160504-1419.jar"/><property name="org.osgi.framework.system.packages" value="javax.accessibility,javax.activation,javax.activity,javax.annotation,javax.annotation.processing,javax.crypto,javax.crypto.interfaces,javax.crypto.spec,javax.imageio,javax.imageio.event,javax.imageio.metadata,javax.imageio.plugins.bmp,javax.imageio.plugins.jpeg,javax.imageio.spi,javax.imageio.stream,javax.jws,javax.jws.soap,javax.lang.model,javax.lang.model.element,javax.lang.model.type,javax.lang.model.util,javax.management,javax.management.loading,javax.management.modelmbean,javax.management.monitor,javax.management.openmbean,javax.management.relation,javax.management.remote,javax.management.remote.rmi,javax.management.timer,javax.naming,javax.naming.directory,javax.naming.event,javax.naming.ldap,javax.naming.spi,javax.net,javax.net.ssl,javax.print,javax.print.attribute,javax.print.attribute.standard,javax.print.event,javax.rmi,javax.rmi.CORBA,javax.rmi.ssl,javax.script,javax.security.auth,javax.security.auth.callback,javax.security.auth.kerberos,javax.security.auth.login,javax.security.auth.spi,javax.security.auth.x500,javax.security.cert,javax.security.sasl,javax.sound.midi,javax.sound.midi.spi,javax.sound.sampled,javax.sound.sampled.spi,javax.sql,javax.sql.rowset,javax.sql.rowset.serial,javax.sql.rowset.spi,javax.swing,javax.swing.border,javax.swing.colorchooser,javax.swing.event,javax.swing.filechooser,javax.swing.plaf,javax.swing.plaf.basic,javax.swing.plaf.metal,javax.swing.plaf.multi,javax.swing.plaf.nimbus,javax.swing.plaf.synth,javax.swing.table,javax.swing.text,javax.swing.text.html,javax.swing.text.html.parser,javax.swing.text.rtf,javax.swing.tree,javax.swing.undo,javax.tools,javax.transaction,javax.transaction.xa,javax.xml,javax.xml.bind,javax.xml.bind.annotation,javax.xml.bind.annotation.adapters,javax.xml.bind.attachment,javax.xml.bind.helpers,javax.xml.bind.util,javax.xml.crypto,javax.xml.crypto.dom,javax.xml.crypto.dsig,javax.xml.crypto.dsig.dom,javax.xml.crypto.dsig.keyinfo,javax.xml.crypto.dsig.spec,javax.xml.datatype,javax.xml.namespace,javax.xml.parsers,javax.xml.soap,javax.xml.stream,javax.xml.stream.events,javax.xml.stream.util,javax.xml.transform,javax.xml.transform.dom,javax.xml.transform.sax,javax.xml.transform.stax,javax.xml.transform.stream,javax.xml.validation,javax.xml.ws,javax.xml.ws.handler,javax.xml.ws.handler.soap,javax.xml.ws.http,javax.xml.ws.soap,javax.xml.ws.spi,javax.xml.ws.spi.http,javax.xml.ws.wsaddressing,javax.xml.xpath,org.ietf.jgss,org.omg.CORBA,org.omg.CORBA_2_3,org.omg.CORBA_2_3.portable,org.omg.CORBA.DynAnyPackage,org.omg.CORBA.ORBPackage,org.omg.CORBA.portable,org.omg.CORBA.TypeCodePackage,org.omg.CosNaming,org.omg.CosNaming.NamingContextExtPackage,org.omg.CosNaming.NamingContextPackage,org.omg.Dynamic,org.omg.DynamicAny,org.omg.DynamicAny.DynAnyFactoryPackage,org.omg.DynamicAny.DynAnyPackage,org.omg.IOP,org.omg.IOP.CodecFactoryPackage,org.omg.IOP.CodecPackage,org.omg.Messaging,org.omg.PortableInterceptor,org.omg.PortableInterceptor.ORBInitInfoPackage,org.omg.PortableServer,org.omg.PortableServer.CurrentPackage,org.omg.PortableServer.POAManagerPackage,org.omg.PortableServer.POAPackage,org.omg.PortableServer.portable,org.omg.PortableServer.ServantLocatorPackage,org.omg.SendingContext,org.omg.stub.java.rmi,org.w3c.dom,org.w3c.dom.bootstrap,org.w3c.dom.css,org.w3c.dom.events,org.w3c.dom.html,org.w3c.dom.ls,org.w3c.dom.ranges,org.w3c.dom.stylesheets,org.w3c.dom.traversal,org.w3c.dom.views,org.w3c.dom.xpath,org.xml.sax,org.xml.sax.ext,org.xml.sax.helpers"/><property name="eclipse.launcher" value="C:\Users\will.wei\Desktop\Epsilon\eclipse.exe"/><property name="org.eclipse.update.resolution_url" value=""/><property name="eclipse.launcher.name" value="Eclipse"/><property name="org.eclipse.swt.internal.deviceZoom" value="100"/><property name="org.osgi.framework.language" value="en"/><property name="osgi.frameworkClassPath" value="., file:c:/Users/will.wei/Desktop/Epsilon/plugins/org.eclipse.osgi.compatibility.state_1.0.200.v20160504-1419.jar"/><property name="equinox.use.ds" value="true"/><property name="user.language" value="en"/><property name="org.osgi.framework.processor" value="x86-64"/><property name="osgi.compatibility.bootdelegation.default" value="true"/><property name="osgi.syspath" value="c:\Users\will.wei\Desktop\Epsilon\plugins"/><property name="sun.boot.library.path" value="C:\Program Files\Java\jre1.8.0_111\bin"/><property name="org.osgi.framework.system.capabilities" value="osgi.ee; osgi.ee=&quot;OSGi/Minimum&quot;; version:List&lt;Version&gt;=&quot;1.0, 1.1, 1.2&quot;,osgi.ee; osgi.ee=&quot;JRE&quot;; version:List&lt;Version&gt;=&quot;1.0, 1.1&quot;,osgi.ee; osgi.ee=&quot;JavaSE&quot;; version:List&lt;Version&gt;=&quot;1.0, 1.1, 1.2, 1.3, 1.4, 1.5, 1.6, 1.7, 1.8&quot;,osgi.ee; osgi.ee=&quot;JavaSE/compact1&quot;; version:List&lt;Version&gt;=&quot;1.8&quot;,osgi.ee; osgi.ee=&quot;JavaSE/compact2&quot;; version:List&lt;Version&gt;=&quot;1.8&quot;,osgi.ee; osgi.ee=&quot;JavaSE/compact3&quot;; version:List&lt;Version&gt;=&quot;1.8&quot;"/><property name="osgi.compatibility.bootdelegation" value="true"/><property name="java.version" value="1.8.0_111"/><property name="org.osgi.framework.os.name" value="Windows10"/><property name="user.timezone" value="Europe/London"/><property name="sun.arch.data.model" value="64"/><property name="osgi.bundles" value="reference:file:org.eclipse.osgi.compatibility.state_1.0.200.v20160504-1419.jar,reference:file:org.eclipse.equinox.simpleconfigurator_1.1.200.v20160504-1450.jar@1:start"/><property name="java.endorsed.dirs" value="C:\Program Files\Java\jre1.8.0_111\lib\endorsed"/><property name="osgi.tracefile" value="C:\Users\will.wei\Desktop\Epsilon\workspace\.metadata\trace.log"/><property name="sun.net.client.defaultConnectTimeout" value="15000"/><property name="eclipse.application" value="org.eclipse.ui.ide.workbench"/><property name="sun.cpu.isalist" value="amd64"/><property name="sun.jnu.encoding" value="Cp1252"/><property name="file.encoding.pkg" value="sun.io"/><property name="equinox.init.uuid" value="true"/><property name="org.osgi.framework.vendor" value="Eclipse"/><property name="file.separator" value="\"/><property name="java.specification.name" value="Java Platform API Specification"/><property name="java.class.version" value="52.0"/><property name="user.country" value="GB"/><property name="org.eclipse.equinox.launcher.splash.location" value="C:\Users\will.wei\Desktop\Epsilon\\plugins\org.eclipse.platform_4.6.1.v20160907-1200\splash.bmp"/><property name="java.home" value="C:\Program Files\Java\jre1.8.0_111"/><property name="osgi.os" value="win32"/><property name="eclipse.commands" value="-os&#10;win32&#10;-ws&#10;win32&#10;-arch&#10;x86_64&#10;-showsplash&#10;C:\Users\will.wei\Desktop\Epsilon\\plugins\org.eclipse.platform_4.6.1.v20160907-1200\splash.bmp&#10;-launcher&#10;C:\Users\will.wei\Desktop\Epsilon\eclipse.exe&#10;-name&#10;Eclipse&#10;--launcher.library&#10;C:\Users\will.wei\Desktop\Epsilon\\plugins/org.eclipse.equinox.launcher.win32.win32.x86_64_1.1.400.v20160518-1444\eclipse_1617.dll&#10;-startup&#10;C:\Users\will.wei\Desktop\Epsilon\\plugins/org.eclipse.equinox.launcher_1.3.200.v20160318-1642.jar&#10;--launcher.appendVmargs&#10;-product&#10;org.eclipse.epp.package.modeling.product&#10;-vm&#10;C:\Program Files\Java\jre1.8.0_111\bin\server\jvm.dll&#10;"/><property name="java.vm.info" value="mixed mode"/><property name="osgi.splashLocation" value="C:\Users\will.wei\Desktop\Epsilon\\plugins\org.eclipse.platform_4.6.1.v20160907-1200\splash.bmp"/><property name="os.version" value="10.0"/><property name="osgi.arch" value="x86_64"/><property name="path.separator" value=";"/><property name="java.vm.version" value="25.111-b14"/><property name="org.osgi.supports.framework.fragment" value="true"/><property name="user.variant" value=""/><property name="ant.library.dir" value="C:\Users\will.wei\Desktop\Epsilon\plugins\org.apache.ant_1.9.6.v201510161327\lib"/><property name="osgi.framework.shape" value="jar"/><property name="osgi.instance.area.default" value="file:/C:/Users/will.wei/workspace/"/><property name="java.awt.printerjob" value="sun.awt.windows.WPrinterJob"/><property name="sun.io.unicode.encoding" value="UnicodeLittle"/><property name="org.osgi.framework.version" value="1.8.0"/><property name="awt.toolkit" value="sun.awt.windows.WToolkit"/><property name="user.script" value=""/><property name="eclipse.stateSaveDelayInterval" value="30000"/><property name="osgi.install.area" value="file:/C:/Users/will.wei/Desktop/Epsilon/"/><property name="osgi.framework" value="file:/c:/Users/will.wei/Desktop/Epsilon/plugins/org.eclipse.osgi_3.11.1.v20160708-1632.jar"/><property name="user.home" value="C:\Users\will.wei"/><property name="org.eclipse.equinox.simpleconfigurator.configUrl" value="file:org.eclipse.equinox.simpleconfigurator/bundles.info"/><property name="osgi.framework.useSystemProperties" value="true"/><property name="osgi.splashPath" value="platform:/base/plugins/org.eclipse.platform"/><property name="osgi.nl" value="en_GB"/><property name="java.specification.vendor" value="Oracle Corporation"/><property name="java.library.path" value="C:\Users\will.wei\Desktop\Epsilon;C:\Windows\Sun\Java\bin;C:\Windows\system32;C:\Windows;C:/Program Files/Java/jre1.8.0_111/bin/server;C:/Program Files/Java/jre1.8.0_111/bin;C:/Program Files/Java/jre1.8.0_111/lib/amd64;C:\ProgramData\Oracle\Java\javapath;C:\Windows\system32;C:\Windows;C:\Windows\System32\Wbem;C:\Windows\System32\WindowsPowerShell\v1.0\;C:\Program Files (x86)\NVIDIA Corporation\PhysX\Common;C:\Program Files\Git\cmd;C:\Program Files (x86)\GtkSharp\2.12\bin;C:\Program Files\MiKTeX 2.9\miktex\bin\x64\;C:\Program Files (x86)\Skype\Phone\;C:\Users\will.wei\AppData\Local\Microsoft\WindowsApps;;C:\Users\will.wei\Desktop\Epsilon;;."/><property name="java.vendor.url" value="http://java.oracle.com/"/><property name="org.osgi.framework.os.version" value="10.0.0"/><property name="eclipse.p2.data.area" value="@config.dir/../p2/"/><property name="eclipse.startTime" value="1491850839914"/><property name="java.vm.vendor" value="Oracle Corporation"/><property name="java.runtime.name" value="Java(TM) SE Runtime Environment"/><property name="java.class.path" value="C:\Users\will.wei\Desktop\Epsilon\\plugins/org.eclipse.equinox.launcher_1.3.200.v20160318-1642.jar"/><property name="osgi.requiredJavaVersion" value="1.8"/><property name="org.eclipse.update.reconcile" value="false"/><property name="eclipse.vm" value="C:\Program Files\Java\jre1.8.0_111\bin\server\jvm.dll"/><property name="java.vm.specification.name" value="Java Virtual Machine Specification"/><property name="java.vm.specification.version" value="1.8"/><property name="sun.cpu.endian" value="little"/><property name="sun.os.patch.level" value=""/><property name="gosh.args" value="--nointeractive"/><property name="java.io.tmpdir" value="C:\Users\will.wei\AppData\Local\Temp\"/><property name="applicationXMI" value="org.eclipse.ui.workbench/LegacyIDE.e4xmi"/><property name="java.vendor.url.bug" value="http://bugreport.sun.com/bugreport/"/><property name="eclipse.product" value="org.eclipse.epp.package.modeling.product"/><property name="eclipse.home.location" value="file:/C:/Users/will.wei/Desktop/Epsilon/"/><property name="os.arch" value="amd64"/><property name="java.awt.graphicsenv" value="sun.awt.Win32GraphicsEnvironment"/><property name="java.ext.dirs" value="C:\Program Files\Java\jre1.8.0_111\lib\ext;C:\Windows\Sun\Java\lib\ext"/><property name="user.dir" value="C:\Users\will.wei\Desktop\Epsilon"/><property name="org.osgi.supports.framework.requirebundle" value="true"/><property name="line.separator" value="&#13;&#10;"/><property name="java.vm.name" value="Java HotSpot(TM) 64-Bit Server VM"/><property name="org.apache.commons.logging.Log" value="org.apache.commons.logging.impl.NoOpLog"/><property name="file.encoding" value="Cp1252"/><property name="sun.net.client.defaultReadTimeout" value="1000"/><property name="eclipse.buildId" value="4.6.1.M20160907-1200"/><property name="eclipse.vmargs" value="-Dosgi.requiredJavaVersion=1.8&#10;-XX:+UseG1GC&#10;-XX:+UseStringDeduplication&#10;-Dosgi.requiredJavaVersion=1.8&#10;-Xms256m&#10;-Xmx1024m&#10;-Djava.class.path=C:\Users\will.wei\Desktop\Epsilon\\plugins/org.eclipse.equinox.launcher_1.3.200.v20160318-1642.jar&#10;"/><property name="java.specification.version" value="1.8"/><property name="org.osgi.framework.executionenvironment" value="OSGi/Minimum-1.0,OSGi/Minimum-1.1,OSGi/Minimum-1.2,JavaSE/compact1-1.8,JavaSE/compact2-1.8,JavaSE/compact3-1.8,JRE-1.1,J2SE-1.2,J2SE-1.3,J2SE-1.4,J2SE-1.5,JavaSE-1.6,JavaSE-1.7,JavaSE-1.8"/><property name="osgi.logfile" value="C:\Users\will.wei\Desktop\Epsilon\workspace\.metadata\.log"/><property name="osgi.configuration.area" value="file:/C:/Users/will.wei/Desktop/Epsilon/configuration/"/></properties><testcase classname="default.buildGoalTest" name="checkSize" time="0.00700000"/><testcase classname="default.buildGoalTest" name="checkName" time="0.00200000"/><testcase classname="default.buildGoalTest" name="checkDescription" time="0.00200000"/><system-out>Test checkSize {} passed [cpu: 0 ms, wallclock: 7 ms]&#13;
Test checkName {} passed [cpu: 0 ms, wallclock: 2 ms]&#13;
Test checkDescription {} passed [cpu: 0 ms, wallclock: 2 ms]&#13;
Test root {} passed [cpu: 15 ms, wallclock: 421 ms]&#13;
</system-out><system-err/></testsuite>